<?xml version="1.0" encoding="UTF-8"?>
<!-- Generated by org.testng.reporters.JUnitReportReporter -->
<testsuite hostname="LAPTOP-SAPACB4E" failures="0" tests="4" name="learnSelenium.TestNG7" time="48.326" errors="0" timestamp="2022-11-18T19:13:45 IST" skipped="0">
  <testcase classname="learnSelenium.TestNG7" name="login" time="13.191"/>
  <system-out/>
  <testcase classname="learnSelenium.TestNG7" name="login" time="11.711"/>
  <system-out/>
  <testcase classname="learnSelenium.TestNG7" name="login" time="11.765"/>
  <system-out/>
  <testcase classname="learnSelenium.TestNG7" name="login" time="11.659"/>
  <system-out/>
</testsuite> <!-- learnSelenium.TestNG7 -->
