<?xml version="1.0" encoding="UTF-8"?>
<!-- Generated by org.testng.reporters.JUnitReportReporter -->
<testsuite hostname="LAPTOP-SAPACB4E" failures="0" tests="1" name="learnSelenium.ReadExcel" time="0.797" errors="0" timestamp="2022-11-21T20:21:11 IST" skipped="0">
  <testcase classname="learnSelenium.ReadExcel" name="readDataFromExcel" time="0.797"/>
  <system-out/>
</testsuite> <!-- learnSelenium.ReadExcel -->
