<?xml version="1.0" encoding="UTF-8"?>
<!-- Generated by org.testng.reporters.JUnitReportReporter -->
<testsuite hostname="LAPTOP-SAPACB4E" failures="0" tests="1" name="learnSelenium.ExcelData" time="0.840" errors="0" timestamp="2022-11-21T20:02:13 IST" skipped="0">
  <testcase classname="learnSelenium.ExcelData" name="data" time="0.840"/>
  <system-out/>
</testsuite> <!-- learnSelenium.ExcelData -->
