<?xml version="1.0" encoding="UTF-8"?>
<!-- Generated by org.testng.reporters.JUnitReportReporter -->
<testsuite hostname="LAPTOP-SAPACB4E" failures="0" tests="3" name="learnSelenium.TestNG8" time="0.010" errors="0" timestamp="2022-11-18T19:53:08 IST" skipped="0">
  <testcase classname="learnSelenium.TestNG8" name="negativelogin" time="0.001"/>
  <system-out/>
  <testcase classname="learnSelenium.TestNG8" name="forgot" time="0.006"/>
  <system-out/>
  <testcase classname="learnSelenium.TestNG8" name="login" time="0.003"/>
  <system-out/>
</testsuite> <!-- learnSelenium.TestNG8 -->
