<?xml version="1.0" encoding="UTF-8"?>
<!-- Generated by org.testng.reporters.JUnitReportReporter -->
<testsuite hostname="LAPTOP-SAPACB4E" failures="0" tests="5" name="learnSelenium.TestNG2" time="0.016" errors="0" timestamp="2022-11-18T18:31:47 IST" skipped="0">
  <testcase classname="learnSelenium.TestNG2" name="d" time="0.002"/>
  <system-out/>
  <testcase classname="learnSelenium.TestNG2" name="d" time="0.010"/>
  <system-out/>
  <testcase classname="learnSelenium.TestNG2" name="a" time="0.002"/>
  <system-out/>
  <testcase classname="learnSelenium.TestNG2" name="b" time="0.001"/>
  <system-out/>
  <testcase classname="learnSelenium.TestNG2" name="c" time="0.001"/>
  <system-out/>
</testsuite> <!-- learnSelenium.TestNG2 -->
