<?xml version="1.0" encoding="UTF-8"?>
<!-- Generated by org.testng.reporters.JUnitReportReporter -->
<testsuite hostname="LAPTOP-SAPACB4E" failures="0" tests="3" name="learnSelenium.TestNG6" time="37.346" errors="0" timestamp="2022-11-18T19:01:20 IST" skipped="0">
  <testcase classname="learnSelenium.TestNG6" name="login" time="12.412"/>
  <system-out/>
  <testcase classname="learnSelenium.TestNG6" name="login" time="12.296"/>
  <system-out/>
  <testcase classname="learnSelenium.TestNG6" name="login" time="12.638"/>
  <system-out/>
</testsuite> <!-- learnSelenium.TestNG6 -->
