<?xml version="1.0" encoding="UTF-8"?>
<!-- Generated by org.testng.reporters.JUnitReportReporter -->
<testsuite hostname="LAPTOP-SAPACB4E" failures="0" tests="3" name="learnSelenium.MyFirstTestNg" time="0.010" errors="0" timestamp="2022-11-17T19:32:42 IST" skipped="0">
  <testcase classname="learnSelenium.MyFirstTestNg" name="test2" time="0.002"/>
  <system-out/>
  <testcase classname="learnSelenium.MyFirstTestNg" name="test3" time="0.003"/>
  <system-out/>
  <testcase classname="learnSelenium.MyFirstTestNg" name="test1" time="0.005"/>
  <system-out/>
</testsuite> <!-- learnSelenium.MyFirstTestNg -->
