<?xml version="1.0" encoding="UTF-8"?>
<!-- Generated by org.testng.reporters.JUnitReportReporter -->
<testsuite hostname="LAPTOP-SAPACB4E" failures="0" tests="9" name="learnSelenium.TestNG4" time="0.009" errors="0" timestamp="2022-11-17T19:32:42 IST" skipped="0">
  <testcase classname="learnSelenium.TestNG4" name="reg1" time="0.001"/>
  <system-out/>
  <testcase classname="learnSelenium.TestNG4" name="reg1" time="0.001"/>
  <system-out/>
  <testcase classname="learnSelenium.TestNG4" name="reg" time="0.002"/>
  <system-out/>
  <testcase classname="learnSelenium.TestNG4" name="reg1" time="0.000"/>
  <system-out/>
  <testcase classname="learnSelenium.TestNG4" name="d" time="0.001"/>
  <system-out/>
  <testcase classname="learnSelenium.TestNG4" name="d" time="0.001"/>
  <system-out/>
  <testcase classname="learnSelenium.TestNG4" name="d" time="0.001"/>
  <system-out/>
  <testcase classname="learnSelenium.TestNG4" name="login" time="0.001"/>
  <system-out/>
  <testcase classname="learnSelenium.TestNG4" name="login" time="0.001"/>
  <system-out/>
</testsuite> <!-- learnSelenium.TestNG4 -->
